<?xml version="1.0" encoding="UTF-8"?>
<!-- Generated by org.testng.reporters.JUnitXMLReporter -->
<testsuite ignored="1" hostname="LAPTOP-N330K14R" failures="0" tests="2" name="Surefire test" time="0.038" errors="0" timestamp="2021-12-01T14:23:31 IST">
  <testcase classname="org.example.SeleniumTest" name="elemen" time="0.005"/>
  <testcase classname="org.example.SeleniumTest" name="elements" time="0.0"/>
  <testcase classname="org.example.SeleniumTest" name="twitterDelete" time="0.0">
    <ignored/>
  </testcase> <!-- twitterDelete -->
</testsuite> <!-- Surefire test -->
