<?xml version="1.0" encoding="UTF-8"?>
<!-- Generated by org.testng.reporters.JUnitXMLReporter -->
<testsuite ignored="0" hostname="LAPTOP-N330K14R" failures="0" tests="5" name="Command line test" time="0.035" errors="0" timestamp="2021-12-10T21:39:23 IST">
  <testcase classname="org.example.AppiumTest" name="Mobile" time="0.01"/>
  <testcase classname="org.example.AppiumTest" name="Thisisapp" time="0.001"/>
  <testcase classname="org.example.SeleniumTest" name="elemen" time="0.001"/>
  <testcase classname="org.example.SeleniumTest" name="elements" time="0.0"/>
  <testcase classname="org.example.SeleniumTest" name="twitterDelete" time="0.0"/>
</testsuite> <!-- Command line test -->
