<?xml version="1.0" encoding="UTF-8"?>
<!-- Generated by org.testng.reporters.JUnitXMLReporter -->
<testsuite ignored="0" hostname="LAPTOP-N330K14R" failures="0" tests="4" name="Surefire test" time="0.041" errors="0" timestamp="2021-12-01T13:44:24 IST">
  <testcase classname="org.example.AppUITest" name="Mobile" time="0.004"/>
  <testcase classname="org.example.AppUITest" name="Thisisapp" time="0.0"/>
  <testcase classname="org.example.SeleniumTest" name="elements" time="0.001"/>
  <testcase classname="org.example.SeleniumTest" name="twitterDelete" time="0.0"/>
</testsuite> <!-- Surefire test -->
