<?xml version="1.0" encoding="UTF-8"?>
<testng-results ignored="0" total="4" passed="4" failed="0" skipped="0">
  <reporter-output>
  </reporter-output>
  <suite started-at="2021-12-01T13:44:24 IST" name="Surefire suite" finished-at="2021-12-01T13:44:24 IST" duration-ms="41">
    <groups>
    </groups>
    <test started-at="2021-12-01T13:44:24 IST" name="Surefire test" finished-at="2021-12-01T13:44:24 IST" duration-ms="41">
      <class name="org.example.SeleniumTest">
        <test-method signature="elements()[pri:0, instance:org.example.SeleniumTest@5db45159]" started-at="2021-12-01T13:44:24 IST" name="elements" finished-at="2021-12-01T13:44:24 IST" duration-ms="1" status="PASS">
          <reporter-output>
          </reporter-output>
        </test-method> <!-- elements -->
        <test-method signature="twitterDelete()[pri:0, instance:org.example.SeleniumTest@5db45159]" started-at="2021-12-01T13:44:24 IST" name="twitterDelete" finished-at="2021-12-01T13:44:24 IST" duration-ms="0" status="PASS">
          <reporter-output>
          </reporter-output>
        </test-method> <!-- twitterDelete -->
      </class> <!-- org.example.SeleniumTest -->
      <class name="org.example.AppUITest">
        <test-method signature="Mobile()[pri:0, instance:org.example.AppUITest@3b938003]" started-at="2021-12-01T13:44:24 IST" name="Mobile" finished-at="2021-12-01T13:44:24 IST" duration-ms="4" status="PASS">
          <reporter-output>
          </reporter-output>
        </test-method> <!-- Mobile -->
        <test-method signature="Thisisapp()[pri:0, instance:org.example.AppUITest@3b938003]" started-at="2021-12-01T13:44:24 IST" name="Thisisapp" finished-at="2021-12-01T13:44:24 IST" duration-ms="0" status="PASS">
          <reporter-output>
          </reporter-output>
        </test-method> <!-- Thisisapp -->
      </class> <!-- org.example.AppUITest -->
    </test> <!-- Surefire test -->
  </suite> <!-- Surefire suite -->
</testng-results>
