<?xml version="1.0" encoding="UTF-8"?>
<testng-results ignored="0" total="5" passed="5" failed="0" skipped="0">
  <reporter-output>
  </reporter-output>
  <suite started-at="2021-12-10T21:39:23 IST" name="Command line suite" finished-at="2021-12-10T21:39:23 IST" duration-ms="35">
    <groups>
    </groups>
    <test started-at="2021-12-10T21:39:23 IST" name="Command line test" finished-at="2021-12-10T21:39:23 IST" duration-ms="35">
      <class name="org.example.AppiumTest">
        <test-method signature="Mobile()[pri:0, instance:org.example.AppiumTest@175c2241]" started-at="2021-12-10T21:39:23 IST" name="Mobile" finished-at="2021-12-10T21:39:23 IST" duration-ms="10" status="PASS">
          <reporter-output>
          </reporter-output>
        </test-method> <!-- Mobile -->
        <test-method signature="Thisisapp()[pri:0, instance:org.example.AppiumTest@175c2241]" started-at="2021-12-10T21:39:23 IST" name="Thisisapp" finished-at="2021-12-10T21:39:23 IST" duration-ms="1" status="PASS">
          <reporter-output>
          </reporter-output>
        </test-method> <!-- Thisisapp -->
      </class> <!-- org.example.AppiumTest -->
      <class name="org.example.SeleniumTest">
        <test-method signature="elemen()[pri:0, instance:org.example.SeleniumTest@4c402120]" started-at="2021-12-10T21:39:23 IST" name="elemen" finished-at="2021-12-10T21:39:23 IST" duration-ms="1" status="PASS">
          <reporter-output>
          </reporter-output>
        </test-method> <!-- elemen -->
        <test-method signature="elements()[pri:0, instance:org.example.SeleniumTest@4c402120]" started-at="2021-12-10T21:39:23 IST" name="elements" finished-at="2021-12-10T21:39:23 IST" duration-ms="0" status="PASS">
          <reporter-output>
          </reporter-output>
        </test-method> <!-- elements -->
        <test-method signature="twitterDelete()[pri:0, instance:org.example.SeleniumTest@4c402120]" started-at="2021-12-10T21:39:23 IST" name="twitterDelete" finished-at="2021-12-10T21:39:23 IST" duration-ms="0" status="PASS">
          <reporter-output>
          </reporter-output>
        </test-method> <!-- twitterDelete -->
      </class> <!-- org.example.SeleniumTest -->
    </test> <!-- Command line test -->
  </suite> <!-- Command line suite -->
</testng-results>
